2013-07-22 06:43:03 Notice: Notice (8): Undefined index: cookie in [/Applications/MAMP/htdocs/croogo/lib/Cake/Model/Datasource/CakeSession.php, line 473]
Trace:
CakeSession::_configureSession() - CORE/Cake/Model/Datasource/CakeSession.php, line 473
CakeSession::start() - CORE/Cake/Model/Datasource/CakeSession.php, line 189
CakeSession::read() - CORE/Cake/Model/Datasource/CakeSession.php, line 366
SessionHelper::read() - CORE/Cake/View/Helper/SessionHelper.php, line 45
LayoutHelper::sessionFlash() - APP/Plugin/Croogo/View/Helper/LayoutHelper.php, line 244
include - APP/Plugin/Install/View/Layouts/install.ctp, line 36
View::_evaluate() - CORE/Cake/View/View.php, line 945
View::_render() - CORE/Cake/View/View.php, line 907
View::renderLayout() - CORE/Cake/View/View.php, line 535
View::render() - CORE/Cake/View/View.php, line 479
Controller::render() - CORE/Cake/Controller/Controller.php, line 948
Dispatcher::_invoke() - CORE/Cake/Routing/Dispatcher.php, line 194
Dispatcher::dispatch() - CORE/Cake/Routing/Dispatcher.php, line 162
[main] - APP/webroot/index.php, line 96

2013-07-22 06:43:03 Notice: Notice (8): Undefined index: timeout in [/Applications/MAMP/htdocs/croogo/lib/Cake/Model/Datasource/CakeSession.php, line 479]
Trace:
CakeSession::_configureSession() - CORE/Cake/Model/Datasource/CakeSession.php, line 479
CakeSession::start() - CORE/Cake/Model/Datasource/CakeSession.php, line 189
CakeSession::read() - CORE/Cake/Model/Datasource/CakeSession.php, line 366
SessionHelper::read() - CORE/Cake/View/Helper/SessionHelper.php, line 45
LayoutHelper::sessionFlash() - APP/Plugin/Croogo/View/Helper/LayoutHelper.php, line 244
include - APP/Plugin/Install/View/Layouts/install.ctp, line 36
View::_evaluate() - CORE/Cake/View/View.php, line 945
View::_render() - CORE/Cake/View/View.php, line 907
View::renderLayout() - CORE/Cake/View/View.php, line 535
View::render() - CORE/Cake/View/View.php, line 479
Controller::render() - CORE/Cake/Controller/Controller.php, line 948
Dispatcher::_invoke() - CORE/Cake/Routing/Dispatcher.php, line 194
Dispatcher::dispatch() - CORE/Cake/Routing/Dispatcher.php, line 162
[main] - APP/webroot/index.php, line 96

2013-07-22 06:43:03 Notice: Notice (8): Undefined index: timeout in [/Applications/MAMP/htdocs/croogo/lib/Cake/Model/Datasource/CakeSession.php, line 512]
Trace:
CakeSession::_configureSession() - CORE/Cake/Model/Datasource/CakeSession.php, line 512
CakeSession::start() - CORE/Cake/Model/Datasource/CakeSession.php, line 189
CakeSession::read() - CORE/Cake/Model/Datasource/CakeSession.php, line 366
SessionHelper::read() - CORE/Cake/View/Helper/SessionHelper.php, line 45
LayoutHelper::sessionFlash() - APP/Plugin/Croogo/View/Helper/LayoutHelper.php, line 244
include - APP/Plugin/Install/View/Layouts/install.ctp, line 36
View::_evaluate() - CORE/Cake/View/View.php, line 945
View::_render() - CORE/Cake/View/View.php, line 907
View::renderLayout() - CORE/Cake/View/View.php, line 535
View::render() - CORE/Cake/View/View.php, line 479
Controller::render() - CORE/Cake/Controller/Controller.php, line 948
Dispatcher::_invoke() - CORE/Cake/Routing/Dispatcher.php, line 194
Dispatcher::dispatch() - CORE/Cake/Routing/Dispatcher.php, line 162
[main] - APP/webroot/index.php, line 96

2013-07-22 06:43:05 Notice: Notice (8): Undefined index: cookie in [/Applications/MAMP/htdocs/croogo/lib/Cake/Model/Datasource/CakeSession.php, line 473]
Trace:
CakeSession::_configureSession() - CORE/Cake/Model/Datasource/CakeSession.php, line 473
CakeSession::start() - CORE/Cake/Model/Datasource/CakeSession.php, line 189
CakeSession::read() - CORE/Cake/Model/Datasource/CakeSession.php, line 366
SessionHelper::read() - CORE/Cake/View/Helper/SessionHelper.php, line 45
LayoutHelper::sessionFlash() - APP/Plugin/Croogo/View/Helper/LayoutHelper.php, line 244
include - APP/Plugin/Install/View/Layouts/install.ctp, line 36
View::_evaluate() - CORE/Cake/View/View.php, line 945
View::_render() - CORE/Cake/View/View.php, line 907
View::renderLayout() - CORE/Cake/View/View.php, line 535
View::render() - CORE/Cake/View/View.php, line 479
Controller::render() - CORE/Cake/Controller/Controller.php, line 948
Dispatcher::_invoke() - CORE/Cake/Routing/Dispatcher.php, line 194
Dispatcher::dispatch() - CORE/Cake/Routing/Dispatcher.php, line 162
[main] - APP/webroot/index.php, line 96

2013-07-22 06:43:05 Notice: Notice (8): Undefined index: timeout in [/Applications/MAMP/htdocs/croogo/lib/Cake/Model/Datasource/CakeSession.php, line 479]
Trace:
CakeSession::_configureSession() - CORE/Cake/Model/Datasource/CakeSession.php, line 479
CakeSession::start() - CORE/Cake/Model/Datasource/CakeSession.php, line 189
CakeSession::read() - CORE/Cake/Model/Datasource/CakeSession.php, line 366
SessionHelper::read() - CORE/Cake/View/Helper/SessionHelper.php, line 45
LayoutHelper::sessionFlash() - APP/Plugin/Croogo/View/Helper/LayoutHelper.php, line 244
include - APP/Plugin/Install/View/Layouts/install.ctp, line 36
View::_evaluate() - CORE/Cake/View/View.php, line 945
View::_render() - CORE/Cake/View/View.php, line 907
View::renderLayout() - CORE/Cake/View/View.php, line 535
View::render() - CORE/Cake/View/View.php, line 479
Controller::render() - CORE/Cake/Controller/Controller.php, line 948
Dispatcher::_invoke() - CORE/Cake/Routing/Dispatcher.php, line 194
Dispatcher::dispatch() - CORE/Cake/Routing/Dispatcher.php, line 162
[main] - APP/webroot/index.php, line 96

2013-07-22 06:43:05 Notice: Notice (8): Undefined index: timeout in [/Applications/MAMP/htdocs/croogo/lib/Cake/Model/Datasource/CakeSession.php, line 512]
Trace:
CakeSession::_configureSession() - CORE/Cake/Model/Datasource/CakeSession.php, line 512
CakeSession::start() - CORE/Cake/Model/Datasource/CakeSession.php, line 189
CakeSession::read() - CORE/Cake/Model/Datasource/CakeSession.php, line 366
SessionHelper::read() - CORE/Cake/View/Helper/SessionHelper.php, line 45
LayoutHelper::sessionFlash() - APP/Plugin/Croogo/View/Helper/LayoutHelper.php, line 244
include - APP/Plugin/Install/View/Layouts/install.ctp, line 36
View::_evaluate() - CORE/Cake/View/View.php, line 945
View::_render() - CORE/Cake/View/View.php, line 907
View::renderLayout() - CORE/Cake/View/View.php, line 535
View::render() - CORE/Cake/View/View.php, line 479
Controller::render() - CORE/Cake/Controller/Controller.php, line 948
Dispatcher::_invoke() - CORE/Cake/Routing/Dispatcher.php, line 194
Dispatcher::dispatch() - CORE/Cake/Routing/Dispatcher.php, line 162
[main] - APP/webroot/index.php, line 96

2013-07-22 06:43:12 Notice: Notice (8): Undefined index: cookie in [/Applications/MAMP/htdocs/croogo/lib/Cake/Model/Datasource/CakeSession.php, line 473]
Trace:
CakeSession::_configureSession() - CORE/Cake/Model/Datasource/CakeSession.php, line 473
CakeSession::start() - CORE/Cake/Model/Datasource/CakeSession.php, line 189
CakeSession::read() - CORE/Cake/Model/Datasource/CakeSession.php, line 366
SessionHelper::read() - CORE/Cake/View/Helper/SessionHelper.php, line 45
LayoutHelper::sessionFlash() - APP/Plugin/Croogo/View/Helper/LayoutHelper.php, line 244
include - APP/Plugin/Install/View/Layouts/install.ctp, line 36
View::_evaluate() - CORE/Cake/View/View.php, line 945
View::_render() - CORE/Cake/View/View.php, line 907
View::renderLayout() - CORE/Cake/View/View.php, line 535
View::render() - CORE/Cake/View/View.php, line 479
Controller::render() - CORE/Cake/Controller/Controller.php, line 948
Dispatcher::_invoke() - CORE/Cake/Routing/Dispatcher.php, line 194
Dispatcher::dispatch() - CORE/Cake/Routing/Dispatcher.php, line 162
[main] - APP/webroot/index.php, line 96

2013-07-22 06:43:12 Notice: Notice (8): Undefined index: timeout in [/Applications/MAMP/htdocs/croogo/lib/Cake/Model/Datasource/CakeSession.php, line 479]
Trace:
CakeSession::_configureSession() - CORE/Cake/Model/Datasource/CakeSession.php, line 479
CakeSession::start() - CORE/Cake/Model/Datasource/CakeSession.php, line 189
CakeSession::read() - CORE/Cake/Model/Datasource/CakeSession.php, line 366
SessionHelper::read() - CORE/Cake/View/Helper/SessionHelper.php, line 45
LayoutHelper::sessionFlash() - APP/Plugin/Croogo/View/Helper/LayoutHelper.php, line 244
include - APP/Plugin/Install/View/Layouts/install.ctp, line 36
View::_evaluate() - CORE/Cake/View/View.php, line 945
View::_render() - CORE/Cake/View/View.php, line 907
View::renderLayout() - CORE/Cake/View/View.php, line 535
View::render() - CORE/Cake/View/View.php, line 479
Controller::render() - CORE/Cake/Controller/Controller.php, line 948
Dispatcher::_invoke() - CORE/Cake/Routing/Dispatcher.php, line 194
Dispatcher::dispatch() - CORE/Cake/Routing/Dispatcher.php, line 162
[main] - APP/webroot/index.php, line 96

2013-07-22 06:43:12 Notice: Notice (8): Undefined index: timeout in [/Applications/MAMP/htdocs/croogo/lib/Cake/Model/Datasource/CakeSession.php, line 512]
Trace:
CakeSession::_configureSession() - CORE/Cake/Model/Datasource/CakeSession.php, line 512
CakeSession::start() - CORE/Cake/Model/Datasource/CakeSession.php, line 189
CakeSession::read() - CORE/Cake/Model/Datasource/CakeSession.php, line 366
SessionHelper::read() - CORE/Cake/View/Helper/SessionHelper.php, line 45
LayoutHelper::sessionFlash() - APP/Plugin/Croogo/View/Helper/LayoutHelper.php, line 244
include - APP/Plugin/Install/View/Layouts/install.ctp, line 36
View::_evaluate() - CORE/Cake/View/View.php, line 945
View::_render() - CORE/Cake/View/View.php, line 907
View::renderLayout() - CORE/Cake/View/View.php, line 535
View::render() - CORE/Cake/View/View.php, line 479
Controller::render() - CORE/Cake/Controller/Controller.php, line 948
Dispatcher::_invoke() - CORE/Cake/Routing/Dispatcher.php, line 194
Dispatcher::dispatch() - CORE/Cake/Routing/Dispatcher.php, line 162
[main] - APP/webroot/index.php, line 96

2013-07-22 09:33:11 Notice: Notice (8): Undefined variable: html in [/Applications/MAMP/htdocs/croogo/app/View/Themed/Sample/Layouts/default.ctp, line 22]
Trace:
include - APP/View/Themed/Sample/Layouts/default.ctp, line 22
View::_evaluate() - CORE/Cake/View/View.php, line 945
View::_render() - CORE/Cake/View/View.php, line 907
View::renderLayout() - CORE/Cake/View/View.php, line 535
View::render() - CORE/Cake/View/View.php, line 479
Controller::render() - CORE/Cake/Controller/Controller.php, line 948
CroogoAppController::render() - APP/Plugin/Croogo/Controller/CroogoAppController.php, line 236
ExceptionRenderer::_outputMessage() - CORE/Cake/Error/ExceptionRenderer.php, line 276
ExceptionRenderer::_cakeError() - CORE/Cake/Error/ExceptionRenderer.php, line 200
ExceptionRenderer::render() - CORE/Cake/Error/ExceptionRenderer.php, line 178
ErrorHandler::handleException() - CORE/Cake/Error/ErrorHandler.php, line 123
[main] - [internal], line ??

2013-07-22 09:33:11 Notice: Notice (8): Undefined variable: html in [/Applications/MAMP/htdocs/croogo/app/View/Themed/Sample/Layouts/default.ctp, line 22]
Trace:
include - APP/View/Themed/Sample/Layouts/default.ctp, line 22
View::_evaluate() - CORE/Cake/View/View.php, line 945
View::_render() - CORE/Cake/View/View.php, line 907
View::renderLayout() - CORE/Cake/View/View.php, line 535
View::render() - CORE/Cake/View/View.php, line 479
Controller::render() - CORE/Cake/Controller/Controller.php, line 948
CroogoAppController::render() - APP/Plugin/Croogo/Controller/CroogoAppController.php, line 236
ExceptionRenderer::_outputMessage() - CORE/Cake/Error/ExceptionRenderer.php, line 276
ExceptionRenderer::error500() - CORE/Cake/Error/ExceptionRenderer.php, line 245
ExceptionRenderer::render() - CORE/Cake/Error/ExceptionRenderer.php, line 178
ErrorHandler::handleException() - CORE/Cake/Error/ErrorHandler.php, line 123
call_user_func - [internal], line ??
ErrorHandler::handleFatalError() - CORE/Cake/Error/ErrorHandler.php, line 235
ErrorHandler::handleError() - CORE/Cake/Error/ErrorHandler.php, line 184
call_user_func - [internal], line ??
App::_checkFatalError() - CORE/Cake/Core/App.php, line 930
App::shutdown() - CORE/Cake/Core/App.php, line 903
[main] - [internal], line ??

2013-07-22 09:33:40 Notice: Notice (8): Undefined variable: form in [/Applications/MAMP/htdocs/croogo/app/View/Themed/Sample/Layouts/default.ctp, line 32]
Trace:
include - APP/View/Themed/Sample/Layouts/default.ctp, line 32
View::_evaluate() - CORE/Cake/View/View.php, line 945
View::_render() - CORE/Cake/View/View.php, line 907
View::renderLayout() - CORE/Cake/View/View.php, line 535
View::render() - CORE/Cake/View/View.php, line 479
Controller::render() - CORE/Cake/Controller/Controller.php, line 948
CroogoAppController::render() - APP/Plugin/Croogo/Controller/CroogoAppController.php, line 236
ExceptionRenderer::_outputMessage() - CORE/Cake/Error/ExceptionRenderer.php, line 276
ExceptionRenderer::_cakeError() - CORE/Cake/Error/ExceptionRenderer.php, line 200
ExceptionRenderer::render() - CORE/Cake/Error/ExceptionRenderer.php, line 178
ErrorHandler::handleException() - CORE/Cake/Error/ErrorHandler.php, line 123
[main] - [internal], line ??

2013-07-22 09:33:40 Notice: Notice (8): Undefined variable: form in [/Applications/MAMP/htdocs/croogo/app/View/Themed/Sample/Layouts/default.ctp, line 32]
Trace:
include - APP/View/Themed/Sample/Layouts/default.ctp, line 32
View::_evaluate() - CORE/Cake/View/View.php, line 945
View::_render() - CORE/Cake/View/View.php, line 907
View::renderLayout() - CORE/Cake/View/View.php, line 535
View::render() - CORE/Cake/View/View.php, line 479
Controller::render() - CORE/Cake/Controller/Controller.php, line 948
CroogoAppController::render() - APP/Plugin/Croogo/Controller/CroogoAppController.php, line 236
ExceptionRenderer::_outputMessage() - CORE/Cake/Error/ExceptionRenderer.php, line 276
ExceptionRenderer::error500() - CORE/Cake/Error/ExceptionRenderer.php, line 245
ExceptionRenderer::render() - CORE/Cake/Error/ExceptionRenderer.php, line 178
ErrorHandler::handleException() - CORE/Cake/Error/ErrorHandler.php, line 123
call_user_func - [internal], line ??
ErrorHandler::handleFatalError() - CORE/Cake/Error/ErrorHandler.php, line 235
ErrorHandler::handleError() - CORE/Cake/Error/ErrorHandler.php, line 184
call_user_func - [internal], line ??
App::_checkFatalError() - CORE/Cake/Core/App.php, line 930
App::shutdown() - CORE/Cake/Core/App.php, line 903
[main] - [internal], line ??

2013-07-22 09:34:02 Notice: Notice (8): Undefined variable: layout in [/Applications/MAMP/htdocs/croogo/app/View/Themed/Sample/Layouts/default.ctp, line 43]
Trace:
include - APP/View/Themed/Sample/Layouts/default.ctp, line 43
View::_evaluate() - CORE/Cake/View/View.php, line 945
View::_render() - CORE/Cake/View/View.php, line 907
View::renderLayout() - CORE/Cake/View/View.php, line 535
View::render() - CORE/Cake/View/View.php, line 479
Controller::render() - CORE/Cake/Controller/Controller.php, line 948
CroogoAppController::render() - APP/Plugin/Croogo/Controller/CroogoAppController.php, line 236
ExceptionRenderer::_outputMessage() - CORE/Cake/Error/ExceptionRenderer.php, line 276
ExceptionRenderer::_cakeError() - CORE/Cake/Error/ExceptionRenderer.php, line 200
ExceptionRenderer::render() - CORE/Cake/Error/ExceptionRenderer.php, line 178
ErrorHandler::handleException() - CORE/Cake/Error/ErrorHandler.php, line 123
[main] - [internal], line ??

2013-07-22 09:34:02 Notice: Notice (8): Undefined variable: layout in [/Applications/MAMP/htdocs/croogo/app/View/Themed/Sample/Layouts/default.ctp, line 43]
Trace:
include - APP/View/Themed/Sample/Layouts/default.ctp, line 43
View::_evaluate() - CORE/Cake/View/View.php, line 945
View::_render() - CORE/Cake/View/View.php, line 907
View::renderLayout() - CORE/Cake/View/View.php, line 535
View::render() - CORE/Cake/View/View.php, line 479
Controller::render() - CORE/Cake/Controller/Controller.php, line 948
CroogoAppController::render() - APP/Plugin/Croogo/Controller/CroogoAppController.php, line 236
ExceptionRenderer::_outputMessage() - CORE/Cake/Error/ExceptionRenderer.php, line 276
ExceptionRenderer::error500() - CORE/Cake/Error/ExceptionRenderer.php, line 245
ExceptionRenderer::render() - CORE/Cake/Error/ExceptionRenderer.php, line 178
ErrorHandler::handleException() - CORE/Cake/Error/ErrorHandler.php, line 123
call_user_func - [internal], line ??
ErrorHandler::handleFatalError() - CORE/Cake/Error/ErrorHandler.php, line 235
ErrorHandler::handleError() - CORE/Cake/Error/ErrorHandler.php, line 184
call_user_func - [internal], line ??
App::_checkFatalError() - CORE/Cake/Core/App.php, line 930
App::shutdown() - CORE/Cake/Core/App.php, line 903
[main] - [internal], line ??

2013-07-22 09:34:18 Notice: Notice (8): Undefined variable: layout in [/Applications/MAMP/htdocs/croogo/app/View/Themed/Sample/Layouts/default.ctp, line 47]
Trace:
include - APP/View/Themed/Sample/Layouts/default.ctp, line 47
View::_evaluate() - CORE/Cake/View/View.php, line 945
View::_render() - CORE/Cake/View/View.php, line 907
View::renderLayout() - CORE/Cake/View/View.php, line 535
View::render() - CORE/Cake/View/View.php, line 479
Controller::render() - CORE/Cake/Controller/Controller.php, line 948
CroogoAppController::render() - APP/Plugin/Croogo/Controller/CroogoAppController.php, line 236
ExceptionRenderer::_outputMessage() - CORE/Cake/Error/ExceptionRenderer.php, line 276
ExceptionRenderer::_cakeError() - CORE/Cake/Error/ExceptionRenderer.php, line 200
ExceptionRenderer::render() - CORE/Cake/Error/ExceptionRenderer.php, line 178
ErrorHandler::handleException() - CORE/Cake/Error/ErrorHandler.php, line 123
[main] - [internal], line ??

2013-07-22 09:34:18 Notice: Notice (8): Undefined variable: layout in [/Applications/MAMP/htdocs/croogo/app/View/Themed/Sample/Layouts/default.ctp, line 47]
Trace:
include - APP/View/Themed/Sample/Layouts/default.ctp, line 47
View::_evaluate() - CORE/Cake/View/View.php, line 945
View::_render() - CORE/Cake/View/View.php, line 907
View::renderLayout() - CORE/Cake/View/View.php, line 535
View::render() - CORE/Cake/View/View.php, line 479
Controller::render() - CORE/Cake/Controller/Controller.php, line 948
CroogoAppController::render() - APP/Plugin/Croogo/Controller/CroogoAppController.php, line 236
ExceptionRenderer::_outputMessage() - CORE/Cake/Error/ExceptionRenderer.php, line 276
ExceptionRenderer::error500() - CORE/Cake/Error/ExceptionRenderer.php, line 245
ExceptionRenderer::render() - CORE/Cake/Error/ExceptionRenderer.php, line 178
ErrorHandler::handleException() - CORE/Cake/Error/ErrorHandler.php, line 123
call_user_func - [internal], line ??
ErrorHandler::handleFatalError() - CORE/Cake/Error/ErrorHandler.php, line 235
ErrorHandler::handleError() - CORE/Cake/Error/ErrorHandler.php, line 184
call_user_func - [internal], line ??
App::_checkFatalError() - CORE/Cake/Core/App.php, line 930
App::shutdown() - CORE/Cake/Core/App.php, line 903
[main] - [internal], line ??

2013-07-22 09:34:50 Notice: Notice (8): Undefined variable: layout in [/Applications/MAMP/htdocs/croogo/app/View/Themed/Sample/Layouts/default.ctp, line 52]
Trace:
include - APP/View/Themed/Sample/Layouts/default.ctp, line 52
View::_evaluate() - CORE/Cake/View/View.php, line 945
View::_render() - CORE/Cake/View/View.php, line 907
View::renderLayout() - CORE/Cake/View/View.php, line 535
View::render() - CORE/Cake/View/View.php, line 479
Controller::render() - CORE/Cake/Controller/Controller.php, line 948
CroogoAppController::render() - APP/Plugin/Croogo/Controller/CroogoAppController.php, line 236
ExceptionRenderer::_outputMessage() - CORE/Cake/Error/ExceptionRenderer.php, line 276
ExceptionRenderer::_cakeError() - CORE/Cake/Error/ExceptionRenderer.php, line 200
ExceptionRenderer::render() - CORE/Cake/Error/ExceptionRenderer.php, line 178
ErrorHandler::handleException() - CORE/Cake/Error/ErrorHandler.php, line 123
[main] - [internal], line ??

2013-07-22 09:34:50 Notice: Notice (8): Undefined variable: layout in [/Applications/MAMP/htdocs/croogo/app/View/Themed/Sample/Layouts/default.ctp, line 52]
Trace:
include - APP/View/Themed/Sample/Layouts/default.ctp, line 52
View::_evaluate() - CORE/Cake/View/View.php, line 945
View::_render() - CORE/Cake/View/View.php, line 907
View::renderLayout() - CORE/Cake/View/View.php, line 535
View::render() - CORE/Cake/View/View.php, line 479
Controller::render() - CORE/Cake/Controller/Controller.php, line 948
CroogoAppController::render() - APP/Plugin/Croogo/Controller/CroogoAppController.php, line 236
ExceptionRenderer::_outputMessage() - CORE/Cake/Error/ExceptionRenderer.php, line 276
ExceptionRenderer::error500() - CORE/Cake/Error/ExceptionRenderer.php, line 245
ExceptionRenderer::render() - CORE/Cake/Error/ExceptionRenderer.php, line 178
ErrorHandler::handleException() - CORE/Cake/Error/ErrorHandler.php, line 123
call_user_func - [internal], line ??
ErrorHandler::handleFatalError() - CORE/Cake/Error/ErrorHandler.php, line 235
ErrorHandler::handleError() - CORE/Cake/Error/ErrorHandler.php, line 184
call_user_func - [internal], line ??
App::_checkFatalError() - CORE/Cake/Core/App.php, line 930
App::shutdown() - CORE/Cake/Core/App.php, line 903
[main] - [internal], line ??

