2013-07-22 06:43:54 Error: [MissingControllerException] Controller class AdminController could not be found.
Exception Attributes: array (
  'class' => 'AdminController',
  'plugin' => 'Croogo',
)
Request URL: /croogo/croogo/admin
Stack Trace:
#0 /Applications/MAMP/htdocs/croogo/app/webroot/index.php(96): Dispatcher->dispatch(Object(CakeRequest), Object(CakeResponse))
#1 {main}
2013-07-22 06:49:57 Error: [MissingControllerException] Controller class AdminController could not be found.
Exception Attributes: array (
  'class' => 'AdminController',
  'plugin' => 'Croogo',
)
Request URL: /croogo/croogo/admin/nodes/nodes/add/blog
Stack Trace:
#0 /Applications/MAMP/htdocs/croogo/app/webroot/index.php(96): Dispatcher->dispatch(Object(CakeRequest), Object(CakeResponse))
#1 {main}
2013-07-22 06:49:58 Error: [MissingControllerException] Controller class AdminController could not be found.
Exception Attributes: array (
  'class' => 'AdminController',
  'plugin' => 'Croogo',
)
Request URL: /croogo/croogo/admin/settings/settings/prefix/Site
Stack Trace:
#0 /Applications/MAMP/htdocs/croogo/app/webroot/index.php(96): Dispatcher->dispatch(Object(CakeRequest), Object(CakeResponse))
#1 {main}
2013-07-22 06:50:22 Error: [MissingControllerException] Controller class AdminController could not be found.
Exception Attributes: array (
  'class' => 'AdminController',
  'plugin' => 'Croogo',
)
Request URL: /croogo//croogo/admin/settings/settings/prefix/Site?%2Fadmin%2Fsettings%2Fsettings%2Fprefix%2FSite=
Stack Trace:
#0 /Applications/MAMP/htdocs/croogo/app/webroot/index.php(96): Dispatcher->dispatch(Object(CakeRequest), Object(CakeResponse))
#1 {main}
2013-07-22 06:50:55 Error: [MissingControllerException] Controller class AdminController could not be found.
Exception Attributes: array (
  'class' => 'AdminController',
  'plugin' => 'Croogo',
)
Request URL: /croogo/croogo/admin
Stack Trace:
#0 /Applications/MAMP/htdocs/croogo/app/webroot/index.php(96): Dispatcher->dispatch(Object(CakeRequest), Object(CakeResponse))
#1 {main}
2013-07-22 07:47:50 Error: [MissingControllerException] Controller class AdminController could not be found.
Exception Attributes: array (
  'class' => 'AdminController',
  'plugin' => 'Croogo',
)
Request URL: /croogo/croogo/admin/nodes/nodes/delete_meta/51ecc782-a294-41bd-9299-1e76d1789bac.json
Stack Trace:
#0 /Applications/MAMP/htdocs/croogo/app/webroot/index.php(96): Dispatcher->dispatch(Object(CakeRequest), Object(CakeResponse))
#1 {main}
2013-07-22 07:47:54 Error: [MissingControllerException] Controller class AdminController could not be found.
Exception Attributes: array (
  'class' => 'AdminController',
  'plugin' => 'Croogo',
)
Request URL: /croogo/croogo/admin/nodes/nodes/delete_meta/51ecc782-a294-41bd-9299-1e76d1789bac.json
Stack Trace:
#0 /Applications/MAMP/htdocs/croogo/app/webroot/index.php(96): Dispatcher->dispatch(Object(CakeRequest), Object(CakeResponse))
#1 {main}
2013-07-22 09:27:00 Error: Fatal Error (1): Call to a member function node() on a non-object in [/Applications/MAMP/htdocs/croogo/app/View/Themed/Sample/Elements/node_more_info.ctp, line 2]
2013-07-22 09:27:00 Error: [FatalErrorException] Call to a member function node() on a non-object
Request URL: /croogo/
Stack Trace:
#0 /Applications/MAMP/htdocs/croogo/lib/Cake/Error/ErrorHandler.php(184): ErrorHandler::handleFatalError(1, 'Call to a membe...', '/Applications/M...', 2)
#1 [internal function]: ErrorHandler::handleError(1, 'Call to a membe...', '/Applications/M...', 2, Array)
#2 /Applications/MAMP/htdocs/croogo/lib/Cake/Core/App.php(930): call_user_func('ErrorHandler::h...', 1, 'Call to a membe...', '/Applications/M...', 2, Array)
#3 /Applications/MAMP/htdocs/croogo/lib/Cake/Core/App.php(903): App::_checkFatalError()
#4 [internal function]: App::shutdown()
#5 {main}
2013-07-22 09:32:17 Error: Fatal Error (1): Call to a member function node() on a non-object in [/Applications/MAMP/htdocs/croogo/app/View/Themed/Sample/Elements/node_more_info.ctp, line 2]
2013-07-22 09:32:17 Error: [FatalErrorException] Call to a member function node() on a non-object
Request URL: /croogo/
Stack Trace:
#0 /Applications/MAMP/htdocs/croogo/lib/Cake/Error/ErrorHandler.php(184): ErrorHandler::handleFatalError(1, 'Call to a membe...', '/Applications/M...', 2)
#1 [internal function]: ErrorHandler::handleError(1, 'Call to a membe...', '/Applications/M...', 2, Array)
#2 /Applications/MAMP/htdocs/croogo/lib/Cake/Core/App.php(930): call_user_func('ErrorHandler::h...', 1, 'Call to a membe...', '/Applications/M...', 2, Array)
#3 /Applications/MAMP/htdocs/croogo/lib/Cake/Core/App.php(903): App::_checkFatalError()
#4 [internal function]: App::shutdown()
#5 {main}
2013-07-22 09:33:11 Error: Fatal Error (1): Call to a member function node() on a non-object in [/Applications/MAMP/htdocs/croogo/app/View/Themed/Sample/Elements/node_more_info.ctp, line 2]
2013-07-22 09:33:11 Error: [FatalErrorException] Call to a member function node() on a non-object
Request URL: /croogo/
Stack Trace:
#0 /Applications/MAMP/htdocs/croogo/lib/Cake/Error/ErrorHandler.php(184): ErrorHandler::handleFatalError(1, 'Call to a membe...', '/Applications/M...', 2)
#1 [internal function]: ErrorHandler::handleError(1, 'Call to a membe...', '/Applications/M...', 2, Array)
#2 /Applications/MAMP/htdocs/croogo/lib/Cake/Core/App.php(930): call_user_func('ErrorHandler::h...', 1, 'Call to a membe...', '/Applications/M...', 2, Array)
#3 /Applications/MAMP/htdocs/croogo/lib/Cake/Core/App.php(903): App::_checkFatalError()
#4 [internal function]: App::shutdown()
#5 {main}
2013-07-22 09:33:11 Error: [MissingControllerException] Controller class JsController could not be found.
Exception Attributes: array (
  'class' => 'JsController',
  'plugin' => NULL,
)
Request URL: /croogo/js/jquery/jquery.min.js
Stack Trace:
#0 /Applications/MAMP/htdocs/croogo/app/webroot/index.php(96): Dispatcher->dispatch(Object(CakeRequest), Object(CakeResponse))
#1 {main}
2013-07-22 09:33:11 Error: Fatal Error (1): Call to a member function link() on a non-object in [/Applications/MAMP/htdocs/croogo/app/View/Themed/Sample/Layouts/default.ctp, line 22]
2013-07-22 09:33:11 Error: [InternalErrorException] Internal Server Error
Request URL: /croogo/js/jquery/jquery.min.js
Stack Trace:
#0 /Applications/MAMP/htdocs/croogo/lib/Cake/Error/ErrorHandler.php(184): ErrorHandler::handleFatalError(1, 'Call to a membe...', '/Applications/M...', 22)
#1 [internal function]: ErrorHandler::handleError(1, 'Call to a membe...', '/Applications/M...', 22, Array)
#2 /Applications/MAMP/htdocs/croogo/lib/Cake/Core/App.php(930): call_user_func('ErrorHandler::h...', 1, 'Call to a membe...', '/Applications/M...', 22, Array)
#3 /Applications/MAMP/htdocs/croogo/lib/Cake/Core/App.php(903): App::_checkFatalError()
#4 [internal function]: App::shutdown()
#5 {main}
2013-07-22 09:33:39 Error: Fatal Error (1): Call to a member function node() on a non-object in [/Applications/MAMP/htdocs/croogo/app/View/Themed/Sample/Elements/node_more_info.ctp, line 2]
2013-07-22 09:33:39 Error: [FatalErrorException] Call to a member function node() on a non-object
Request URL: /croogo/
Stack Trace:
#0 /Applications/MAMP/htdocs/croogo/lib/Cake/Error/ErrorHandler.php(184): ErrorHandler::handleFatalError(1, 'Call to a membe...', '/Applications/M...', 2)
#1 [internal function]: ErrorHandler::handleError(1, 'Call to a membe...', '/Applications/M...', 2, Array)
#2 /Applications/MAMP/htdocs/croogo/lib/Cake/Core/App.php(930): call_user_func('ErrorHandler::h...', 1, 'Call to a membe...', '/Applications/M...', 2, Array)
#3 /Applications/MAMP/htdocs/croogo/lib/Cake/Core/App.php(903): App::_checkFatalError()
#4 [internal function]: App::shutdown()
#5 {main}
2013-07-22 09:33:39 Error: [MissingControllerException] Controller class JsController could not be found.
Exception Attributes: array (
  'class' => 'JsController',
  'plugin' => NULL,
)
Request URL: /croogo/js/jquery/jquery.min.js
Stack Trace:
#0 /Applications/MAMP/htdocs/croogo/app/webroot/index.php(96): Dispatcher->dispatch(Object(CakeRequest), Object(CakeResponse))
#1 {main}
2013-07-22 09:33:40 Error: Fatal Error (1): Call to a member function input() on a non-object in [/Applications/MAMP/htdocs/croogo/app/View/Themed/Sample/Layouts/default.ctp, line 32]
2013-07-22 09:33:40 Error: [InternalErrorException] Internal Server Error
Request URL: /croogo/js/jquery/jquery.min.js
Stack Trace:
#0 /Applications/MAMP/htdocs/croogo/lib/Cake/Error/ErrorHandler.php(184): ErrorHandler::handleFatalError(1, 'Call to a membe...', '/Applications/M...', 32)
#1 [internal function]: ErrorHandler::handleError(1, 'Call to a membe...', '/Applications/M...', 32, Array)
#2 /Applications/MAMP/htdocs/croogo/lib/Cake/Core/App.php(930): call_user_func('ErrorHandler::h...', 1, 'Call to a membe...', '/Applications/M...', 32, Array)
#3 /Applications/MAMP/htdocs/croogo/lib/Cake/Core/App.php(903): App::_checkFatalError()
#4 [internal function]: App::shutdown()
#5 {main}
2013-07-22 09:34:02 Error: Fatal Error (1): Call to a member function node() on a non-object in [/Applications/MAMP/htdocs/croogo/app/View/Themed/Sample/Elements/node_more_info.ctp, line 2]
2013-07-22 09:34:02 Error: [FatalErrorException] Call to a member function node() on a non-object
Request URL: /croogo/
Stack Trace:
#0 /Applications/MAMP/htdocs/croogo/lib/Cake/Error/ErrorHandler.php(184): ErrorHandler::handleFatalError(1, 'Call to a membe...', '/Applications/M...', 2)
#1 [internal function]: ErrorHandler::handleError(1, 'Call to a membe...', '/Applications/M...', 2, Array)
#2 /Applications/MAMP/htdocs/croogo/lib/Cake/Core/App.php(930): call_user_func('ErrorHandler::h...', 1, 'Call to a membe...', '/Applications/M...', 2, Array)
#3 /Applications/MAMP/htdocs/croogo/lib/Cake/Core/App.php(903): App::_checkFatalError()
#4 [internal function]: App::shutdown()
#5 {main}
2013-07-22 09:34:02 Error: [MissingControllerException] Controller class JsController could not be found.
Exception Attributes: array (
  'class' => 'JsController',
  'plugin' => NULL,
)
Request URL: /croogo/js/jquery/jquery.min.js
Stack Trace:
#0 /Applications/MAMP/htdocs/croogo/app/webroot/index.php(96): Dispatcher->dispatch(Object(CakeRequest), Object(CakeResponse))
#1 {main}
2013-07-22 09:34:02 Error: Fatal Error (1): Call to a member function menu() on a non-object in [/Applications/MAMP/htdocs/croogo/app/View/Themed/Sample/Layouts/default.ctp, line 43]
2013-07-22 09:34:02 Error: [InternalErrorException] Internal Server Error
Request URL: /croogo/js/jquery/jquery.min.js
Stack Trace:
#0 /Applications/MAMP/htdocs/croogo/lib/Cake/Error/ErrorHandler.php(184): ErrorHandler::handleFatalError(1, 'Call to a membe...', '/Applications/M...', 43)
#1 [internal function]: ErrorHandler::handleError(1, 'Call to a membe...', '/Applications/M...', 43, Array)
#2 /Applications/MAMP/htdocs/croogo/lib/Cake/Core/App.php(930): call_user_func('ErrorHandler::h...', 1, 'Call to a membe...', '/Applications/M...', 43, Array)
#3 /Applications/MAMP/htdocs/croogo/lib/Cake/Core/App.php(903): App::_checkFatalError()
#4 [internal function]: App::shutdown()
#5 {main}
2013-07-22 09:34:17 Error: Fatal Error (1): Call to a member function node() on a non-object in [/Applications/MAMP/htdocs/croogo/app/View/Themed/Sample/Elements/node_more_info.ctp, line 2]
2013-07-22 09:34:17 Error: [FatalErrorException] Call to a member function node() on a non-object
Request URL: /croogo/
Stack Trace:
#0 /Applications/MAMP/htdocs/croogo/lib/Cake/Error/ErrorHandler.php(184): ErrorHandler::handleFatalError(1, 'Call to a membe...', '/Applications/M...', 2)
#1 [internal function]: ErrorHandler::handleError(1, 'Call to a membe...', '/Applications/M...', 2, Array)
#2 /Applications/MAMP/htdocs/croogo/lib/Cake/Core/App.php(930): call_user_func('ErrorHandler::h...', 1, 'Call to a membe...', '/Applications/M...', 2, Array)
#3 /Applications/MAMP/htdocs/croogo/lib/Cake/Core/App.php(903): App::_checkFatalError()
#4 [internal function]: App::shutdown()
#5 {main}
2013-07-22 09:34:18 Error: [MissingControllerException] Controller class JsController could not be found.
Exception Attributes: array (
  'class' => 'JsController',
  'plugin' => NULL,
)
Request URL: /croogo/js/jquery/jquery.min.js
Stack Trace:
#0 /Applications/MAMP/htdocs/croogo/app/webroot/index.php(96): Dispatcher->dispatch(Object(CakeRequest), Object(CakeResponse))
#1 {main}
2013-07-22 09:34:18 Error: Fatal Error (1): Call to a member function sessionFlash() on a non-object in [/Applications/MAMP/htdocs/croogo/app/View/Themed/Sample/Layouts/default.ctp, line 47]
2013-07-22 09:34:18 Error: [InternalErrorException] Internal Server Error
Request URL: /croogo/js/jquery/jquery.min.js
Stack Trace:
#0 /Applications/MAMP/htdocs/croogo/lib/Cake/Error/ErrorHandler.php(184): ErrorHandler::handleFatalError(1, 'Call to a membe...', '/Applications/M...', 47)
#1 [internal function]: ErrorHandler::handleError(1, 'Call to a membe...', '/Applications/M...', 47, Array)
#2 /Applications/MAMP/htdocs/croogo/lib/Cake/Core/App.php(930): call_user_func('ErrorHandler::h...', 1, 'Call to a membe...', '/Applications/M...', 47, Array)
#3 /Applications/MAMP/htdocs/croogo/lib/Cake/Core/App.php(903): App::_checkFatalError()
#4 [internal function]: App::shutdown()
#5 {main}
2013-07-22 09:34:49 Error: Fatal Error (1): Call to a member function node() on a non-object in [/Applications/MAMP/htdocs/croogo/app/View/Themed/Sample/Elements/node_more_info.ctp, line 2]
2013-07-22 09:34:49 Error: [FatalErrorException] Call to a member function node() on a non-object
Request URL: /croogo/
Stack Trace:
#0 /Applications/MAMP/htdocs/croogo/lib/Cake/Error/ErrorHandler.php(184): ErrorHandler::handleFatalError(1, 'Call to a membe...', '/Applications/M...', 2)
#1 [internal function]: ErrorHandler::handleError(1, 'Call to a membe...', '/Applications/M...', 2, Array)
#2 /Applications/MAMP/htdocs/croogo/lib/Cake/Core/App.php(930): call_user_func('ErrorHandler::h...', 1, 'Call to a membe...', '/Applications/M...', 2, Array)
#3 /Applications/MAMP/htdocs/croogo/lib/Cake/Core/App.php(903): App::_checkFatalError()
#4 [internal function]: App::shutdown()
#5 {main}
2013-07-22 09:34:49 Error: [MissingControllerException] Controller class JsController could not be found.
Exception Attributes: array (
  'class' => 'JsController',
  'plugin' => NULL,
)
Request URL: /croogo/js/jquery/jquery.min.js
Stack Trace:
#0 /Applications/MAMP/htdocs/croogo/app/webroot/index.php(96): Dispatcher->dispatch(Object(CakeRequest), Object(CakeResponse))
#1 {main}
2013-07-22 09:34:50 Error: Fatal Error (1): Call to a member function blocks() on a non-object in [/Applications/MAMP/htdocs/croogo/app/View/Themed/Sample/Layouts/default.ctp, line 52]
2013-07-22 09:34:50 Error: [InternalErrorException] Internal Server Error
Request URL: /croogo/js/jquery/jquery.min.js
Stack Trace:
#0 /Applications/MAMP/htdocs/croogo/lib/Cake/Error/ErrorHandler.php(184): ErrorHandler::handleFatalError(1, 'Call to a membe...', '/Applications/M...', 52)
#1 [internal function]: ErrorHandler::handleError(1, 'Call to a membe...', '/Applications/M...', 52, Array)
#2 /Applications/MAMP/htdocs/croogo/lib/Cake/Core/App.php(930): call_user_func('ErrorHandler::h...', 1, 'Call to a membe...', '/Applications/M...', 52, Array)
#3 /Applications/MAMP/htdocs/croogo/lib/Cake/Core/App.php(903): App::_checkFatalError()
#4 [internal function]: App::shutdown()
#5 {main}
2013-07-22 09:35:29 Error: Fatal Error (1): Call to a member function node() on a non-object in [/Applications/MAMP/htdocs/croogo/app/View/Themed/Sample/Elements/node_more_info.ctp, line 2]
2013-07-22 09:35:29 Error: [FatalErrorException] Call to a member function node() on a non-object
Request URL: /croogo/
Stack Trace:
#0 /Applications/MAMP/htdocs/croogo/lib/Cake/Error/ErrorHandler.php(184): ErrorHandler::handleFatalError(1, 'Call to a membe...', '/Applications/M...', 2)
#1 [internal function]: ErrorHandler::handleError(1, 'Call to a membe...', '/Applications/M...', 2, Array)
#2 /Applications/MAMP/htdocs/croogo/lib/Cake/Core/App.php(930): call_user_func('ErrorHandler::h...', 1, 'Call to a membe...', '/Applications/M...', 2, Array)
#3 /Applications/MAMP/htdocs/croogo/lib/Cake/Core/App.php(903): App::_checkFatalError()
#4 [internal function]: App::shutdown()
#5 {main}
2013-07-22 09:35:29 Error: [MissingControllerException] Controller class JsController could not be found.
Exception Attributes: array (
  'class' => 'JsController',
  'plugin' => NULL,
)
Request URL: /croogo/js/jquery/jquery.min.js
Stack Trace:
#0 /Applications/MAMP/htdocs/croogo/app/webroot/index.php(96): Dispatcher->dispatch(Object(CakeRequest), Object(CakeResponse))
#1 {main}
2013-07-22 09:36:42 Error: Fatal Error (1): Call to a member function node() on a non-object in [/Applications/MAMP/htdocs/croogo/app/View/Themed/Sample/Elements/node_more_info.ctp, line 29]
2013-07-22 09:36:42 Error: [FatalErrorException] Call to a member function node() on a non-object
Request URL: /croogo/
Stack Trace:
#0 /Applications/MAMP/htdocs/croogo/lib/Cake/Error/ErrorHandler.php(184): ErrorHandler::handleFatalError(1, 'Call to a membe...', '/Applications/M...', 29)
#1 [internal function]: ErrorHandler::handleError(1, 'Call to a membe...', '/Applications/M...', 29, Array)
#2 /Applications/MAMP/htdocs/croogo/lib/Cake/Core/App.php(930): call_user_func('ErrorHandler::h...', 1, 'Call to a membe...', '/Applications/M...', 29, Array)
#3 /Applications/MAMP/htdocs/croogo/lib/Cake/Core/App.php(903): App::_checkFatalError()
#4 [internal function]: App::shutdown()
#5 {main}
2013-07-22 09:36:42 Error: [MissingControllerException] Controller class JsController could not be found.
Exception Attributes: array (
  'class' => 'JsController',
  'plugin' => NULL,
)
Request URL: /croogo/js/jquery/jquery.min.js
Stack Trace:
#0 /Applications/MAMP/htdocs/croogo/app/webroot/index.php(96): Dispatcher->dispatch(Object(CakeRequest), Object(CakeResponse))
#1 {main}
2013-07-22 09:37:03 Error: Fatal Error (1): Call to a member function link() on a non-object in [/Applications/MAMP/htdocs/croogo/app/View/Themed/Sample/Elements/node_more_info.ctp, line 12]
2013-07-22 09:37:03 Error: [FatalErrorException] Call to a member function link() on a non-object
Request URL: /croogo/
Stack Trace:
#0 /Applications/MAMP/htdocs/croogo/lib/Cake/Error/ErrorHandler.php(184): ErrorHandler::handleFatalError(1, 'Call to a membe...', '/Applications/M...', 12)
#1 [internal function]: ErrorHandler::handleError(1, 'Call to a membe...', '/Applications/M...', 12, Array)
#2 /Applications/MAMP/htdocs/croogo/lib/Cake/Core/App.php(930): call_user_func('ErrorHandler::h...', 1, 'Call to a membe...', '/Applications/M...', 12, Array)
#3 /Applications/MAMP/htdocs/croogo/lib/Cake/Core/App.php(903): App::_checkFatalError()
#4 [internal function]: App::shutdown()
#5 {main}
2013-07-22 09:37:03 Error: [MissingControllerException] Controller class JsController could not be found.
Exception Attributes: array (
  'class' => 'JsController',
  'plugin' => NULL,
)
Request URL: /croogo/js/jquery/jquery.min.js
Stack Trace:
#0 /Applications/MAMP/htdocs/croogo/app/webroot/index.php(96): Dispatcher->dispatch(Object(CakeRequest), Object(CakeResponse))
#1 {main}
2013-07-22 09:37:35 Error: Fatal Error (1): Call to a member function link() on a non-object in [/Applications/MAMP/htdocs/croogo/app/View/Themed/Sample/Elements/node_more_info.ctp, line 12]
2013-07-22 09:37:35 Error: [FatalErrorException] Call to a member function link() on a non-object
Request URL: /croogo/
Stack Trace:
#0 /Applications/MAMP/htdocs/croogo/lib/Cake/Error/ErrorHandler.php(184): ErrorHandler::handleFatalError(1, 'Call to a membe...', '/Applications/M...', 12)
#1 [internal function]: ErrorHandler::handleError(1, 'Call to a membe...', '/Applications/M...', 12, Array)
#2 /Applications/MAMP/htdocs/croogo/lib/Cake/Core/App.php(930): call_user_func('ErrorHandler::h...', 1, 'Call to a membe...', '/Applications/M...', 12, Array)
#3 /Applications/MAMP/htdocs/croogo/lib/Cake/Core/App.php(903): App::_checkFatalError()
#4 [internal function]: App::shutdown()
#5 {main}
2013-07-22 09:37:35 Error: [MissingControllerException] Controller class JsController could not be found.
Exception Attributes: array (
  'class' => 'JsController',
  'plugin' => NULL,
)
Request URL: /croogo/js/jquery/jquery.min.js
Stack Trace:
#0 /Applications/MAMP/htdocs/croogo/app/webroot/index.php(96): Dispatcher->dispatch(Object(CakeRequest), Object(CakeResponse))
#1 {main}
2013-07-22 09:37:52 Error: Fatal Error (1): Call to a member function node() on a non-object in [/Applications/MAMP/htdocs/croogo/app/View/Themed/Sample/Elements/node_more_info.ctp, line 15]
2013-07-22 09:37:52 Error: [FatalErrorException] Call to a member function node() on a non-object
Request URL: /croogo/
Stack Trace:
#0 /Applications/MAMP/htdocs/croogo/lib/Cake/Error/ErrorHandler.php(184): ErrorHandler::handleFatalError(1, 'Call to a membe...', '/Applications/M...', 15)
#1 [internal function]: ErrorHandler::handleError(1, 'Call to a membe...', '/Applications/M...', 15, Array)
#2 /Applications/MAMP/htdocs/croogo/lib/Cake/Core/App.php(930): call_user_func('ErrorHandler::h...', 1, 'Call to a membe...', '/Applications/M...', 15, Array)
#3 /Applications/MAMP/htdocs/croogo/lib/Cake/Core/App.php(903): App::_checkFatalError()
#4 [internal function]: App::shutdown()
#5 {main}
2013-07-22 09:37:52 Error: [MissingControllerException] Controller class JsController could not be found.
Exception Attributes: array (
  'class' => 'JsController',
  'plugin' => NULL,
)
Request URL: /croogo/js/jquery/jquery.min.js
Stack Trace:
#0 /Applications/MAMP/htdocs/croogo/app/webroot/index.php(96): Dispatcher->dispatch(Object(CakeRequest), Object(CakeResponse))
#1 {main}
2013-07-22 09:38:02 Error: Fatal Error (1): Call to a member function node() on a non-object in [/Applications/MAMP/htdocs/croogo/app/View/Themed/Sample/Elements/node_more_info.ctp, line 29]
2013-07-22 09:38:02 Error: [FatalErrorException] Call to a member function node() on a non-object
Request URL: /croogo/
Stack Trace:
#0 /Applications/MAMP/htdocs/croogo/lib/Cake/Error/ErrorHandler.php(184): ErrorHandler::handleFatalError(1, 'Call to a membe...', '/Applications/M...', 29)
#1 [internal function]: ErrorHandler::handleError(1, 'Call to a membe...', '/Applications/M...', 29, Array)
#2 /Applications/MAMP/htdocs/croogo/lib/Cake/Core/App.php(930): call_user_func('ErrorHandler::h...', 1, 'Call to a membe...', '/Applications/M...', 29, Array)
#3 /Applications/MAMP/htdocs/croogo/lib/Cake/Core/App.php(903): App::_checkFatalError()
#4 [internal function]: App::shutdown()
#5 {main}
2013-07-22 09:38:02 Error: [MissingControllerException] Controller class JsController could not be found.
Exception Attributes: array (
  'class' => 'JsController',
  'plugin' => NULL,
)
Request URL: /croogo/js/jquery/jquery.min.js
Stack Trace:
#0 /Applications/MAMP/htdocs/croogo/app/webroot/index.php(96): Dispatcher->dispatch(Object(CakeRequest), Object(CakeResponse))
#1 {main}
2013-07-22 09:38:10 Error: Fatal Error (1): Call to a member function node() on a non-object in [/Applications/MAMP/htdocs/croogo/app/View/Themed/Sample/Elements/node_more_info.ctp, line 31]
2013-07-22 09:38:10 Error: [FatalErrorException] Call to a member function node() on a non-object
Request URL: /croogo/
Stack Trace:
#0 /Applications/MAMP/htdocs/croogo/lib/Cake/Error/ErrorHandler.php(184): ErrorHandler::handleFatalError(1, 'Call to a membe...', '/Applications/M...', 31)
#1 [internal function]: ErrorHandler::handleError(1, 'Call to a membe...', '/Applications/M...', 31, Array)
#2 /Applications/MAMP/htdocs/croogo/lib/Cake/Core/App.php(930): call_user_func('ErrorHandler::h...', 1, 'Call to a membe...', '/Applications/M...', 31, Array)
#3 /Applications/MAMP/htdocs/croogo/lib/Cake/Core/App.php(903): App::_checkFatalError()
#4 [internal function]: App::shutdown()
#5 {main}
2013-07-22 09:38:10 Error: [MissingControllerException] Controller class JsController could not be found.
Exception Attributes: array (
  'class' => 'JsController',
  'plugin' => NULL,
)
Request URL: /croogo/js/jquery/jquery.min.js
Stack Trace:
#0 /Applications/MAMP/htdocs/croogo/app/webroot/index.php(96): Dispatcher->dispatch(Object(CakeRequest), Object(CakeResponse))
#1 {main}
2013-07-22 09:38:18 Error: Fatal Error (1): Call to a member function url() on a non-object in [/Applications/MAMP/htdocs/croogo/app/View/Themed/Sample/Elements/node_more_info.ctp, line 36]
2013-07-22 09:38:18 Error: [FatalErrorException] Call to a member function url() on a non-object
Request URL: /croogo/
Stack Trace:
#0 /Applications/MAMP/htdocs/croogo/lib/Cake/Error/ErrorHandler.php(184): ErrorHandler::handleFatalError(1, 'Call to a membe...', '/Applications/M...', 36)
#1 [internal function]: ErrorHandler::handleError(1, 'Call to a membe...', '/Applications/M...', 36, Array)
#2 /Applications/MAMP/htdocs/croogo/lib/Cake/Core/App.php(930): call_user_func('ErrorHandler::h...', 1, 'Call to a membe...', '/Applications/M...', 36, Array)
#3 /Applications/MAMP/htdocs/croogo/lib/Cake/Core/App.php(903): App::_checkFatalError()
#4 [internal function]: App::shutdown()
#5 {main}
2013-07-22 09:38:18 Error: [MissingControllerException] Controller class JsController could not be found.
Exception Attributes: array (
  'class' => 'JsController',
  'plugin' => NULL,
)
Request URL: /croogo/js/jquery/jquery.min.js
Stack Trace:
#0 /Applications/MAMP/htdocs/croogo/app/webroot/index.php(96): Dispatcher->dispatch(Object(CakeRequest), Object(CakeResponse))
#1 {main}
2013-07-22 09:38:26 Error: Fatal Error (1): Call to a member function url() on a non-object in [/Applications/MAMP/htdocs/croogo/app/View/Themed/Sample/Elements/node_more_info.ctp, line 36]
2013-07-22 09:38:26 Error: [FatalErrorException] Call to a member function url() on a non-object
Request URL: /croogo/
Stack Trace:
#0 /Applications/MAMP/htdocs/croogo/lib/Cake/Error/ErrorHandler.php(184): ErrorHandler::handleFatalError(1, 'Call to a membe...', '/Applications/M...', 36)
#1 [internal function]: ErrorHandler::handleError(1, 'Call to a membe...', '/Applications/M...', 36, Array)
#2 /Applications/MAMP/htdocs/croogo/lib/Cake/Core/App.php(930): call_user_func('ErrorHandler::h...', 1, 'Call to a membe...', '/Applications/M...', 36, Array)
#3 /Applications/MAMP/htdocs/croogo/lib/Cake/Core/App.php(903): App::_checkFatalError()
#4 [internal function]: App::shutdown()
#5 {main}
2013-07-22 09:38:26 Error: [MissingControllerException] Controller class JsController could not be found.
Exception Attributes: array (
  'class' => 'JsController',
  'plugin' => NULL,
)
Request URL: /croogo/js/jquery/jquery.min.js
Stack Trace:
#0 /Applications/MAMP/htdocs/croogo/app/webroot/index.php(96): Dispatcher->dispatch(Object(CakeRequest), Object(CakeResponse))
#1 {main}
2013-07-22 09:38:54 Error: [MissingControllerException] Controller class JsController could not be found.
Exception Attributes: array (
  'class' => 'JsController',
  'plugin' => NULL,
)
Request URL: /croogo/js/jquery/jquery.min.js
Stack Trace:
#0 /Applications/MAMP/htdocs/croogo/app/webroot/index.php(96): Dispatcher->dispatch(Object(CakeRequest), Object(CakeResponse))
#1 {main}
2013-07-22 10:12:02 Error: [MissingViewException] View file "/Applications/MAMP/htdocs/croogo/app/View/Themed/Sample/Home/view.ctp" is missing.
Exception Attributes: array (
  'file' => '/Applications/MAMP/htdocs/croogo/app/View/Themed/Sample/Home/view.ctp',
)
Request URL: /croogo/home/view
Stack Trace:
#0 /Applications/MAMP/htdocs/croogo/lib/Cake/View/View.php(468): View->_getViewFileName(NULL)
#1 /Applications/MAMP/htdocs/croogo/lib/Cake/Controller/Controller.php(948): View->render(NULL, NULL)
#2 /Applications/MAMP/htdocs/croogo/app/Plugin/Croogo/Controller/CroogoAppController.php(236): Controller->render(NULL, NULL)
#3 /Applications/MAMP/htdocs/croogo/lib/Cake/Routing/Dispatcher.php(194): CroogoAppController->render()
#4 /Applications/MAMP/htdocs/croogo/lib/Cake/Routing/Dispatcher.php(162): Dispatcher->_invoke(Object(HomeController), Object(CakeRequest), Object(CakeResponse))
#5 /Applications/MAMP/htdocs/croogo/app/webroot/index.php(96): Dispatcher->dispatch(Object(CakeRequest), Object(CakeResponse))
#6 {main}
2013-07-22 10:12:02 Error: [MissingControllerException] Controller class JsController could not be found.
Exception Attributes: array (
  'class' => 'JsController',
  'plugin' => NULL,
)
Request URL: /croogo/js/jquery/jquery.min.js
Stack Trace:
#0 /Applications/MAMP/htdocs/croogo/app/webroot/index.php(96): Dispatcher->dispatch(Object(CakeRequest), Object(CakeResponse))
#1 {main}
2013-07-22 11:39:55 Error: [MissingControllerException] Controller class JsController could not be found.
Exception Attributes: array (
  'class' => 'JsController',
  'plugin' => NULL,
)
Request URL: /croogo/js/jquery/jquery.min.js
Stack Trace:
#0 /Applications/MAMP/htdocs/croogo/app/webroot/index.php(96): Dispatcher->dispatch(Object(CakeRequest), Object(CakeResponse))
#1 {main}
2013-07-22 11:39:59 Error: [MissingControllerException] Controller class JsController could not be found.
Exception Attributes: array (
  'class' => 'JsController',
  'plugin' => NULL,
)
Request URL: /croogo/js/jquery/jquery.min.js
Stack Trace:
#0 /Applications/MAMP/htdocs/croogo/app/webroot/index.php(96): Dispatcher->dispatch(Object(CakeRequest), Object(CakeResponse))
#1 {main}
2013-07-22 11:40:00 Error: [MissingControllerException] Controller class JsController could not be found.
Exception Attributes: array (
  'class' => 'JsController',
  'plugin' => NULL,
)
Request URL: /croogo/js/jquery/jquery.min.js
Stack Trace:
#0 /Applications/MAMP/htdocs/croogo/app/webroot/index.php(96): Dispatcher->dispatch(Object(CakeRequest), Object(CakeResponse))
#1 {main}
2013-07-22 11:40:02 Error: [MissingControllerException] Controller class JsController could not be found.
Exception Attributes: array (
  'class' => 'JsController',
  'plugin' => NULL,
)
Request URL: /croogo/js/jquery/jquery.min.js
Stack Trace:
#0 /Applications/MAMP/htdocs/croogo/app/webroot/index.php(96): Dispatcher->dispatch(Object(CakeRequest), Object(CakeResponse))
#1 {main}
2013-07-22 11:40:03 Error: [MissingControllerException] Controller class JsController could not be found.
Exception Attributes: array (
  'class' => 'JsController',
  'plugin' => NULL,
)
Request URL: /croogo/js/jquery/jquery.min.js
Stack Trace:
#0 /Applications/MAMP/htdocs/croogo/app/webroot/index.php(96): Dispatcher->dispatch(Object(CakeRequest), Object(CakeResponse))
#1 {main}
2013-07-22 11:40:03 Error: [MissingControllerException] Controller class JsController could not be found.
Exception Attributes: array (
  'class' => 'JsController',
  'plugin' => NULL,
)
Request URL: /croogo/js/jquery/jquery.min.js
Stack Trace:
#0 /Applications/MAMP/htdocs/croogo/app/webroot/index.php(96): Dispatcher->dispatch(Object(CakeRequest), Object(CakeResponse))
#1 {main}
2013-07-22 11:40:40 Error: [MissingControllerException] Controller class JsController could not be found.
Exception Attributes: array (
  'class' => 'JsController',
  'plugin' => NULL,
)
Request URL: /croogo/js/jquery/jquery.min.js
Stack Trace:
#0 /Applications/MAMP/htdocs/croogo/app/webroot/index.php(96): Dispatcher->dispatch(Object(CakeRequest), Object(CakeResponse))
#1 {main}
2013-07-22 11:53:15 Error: [MissingControllerException] Controller class JsController could not be found.
Exception Attributes: array (
  'class' => 'JsController',
  'plugin' => NULL,
)
Request URL: /croogo/js/jquery/jquery.min.js
Stack Trace:
#0 /Applications/MAMP/htdocs/croogo/app/webroot/index.php(96): Dispatcher->dispatch(Object(CakeRequest), Object(CakeResponse))
#1 {main}
2013-07-22 11:56:58 Error: [MissingControllerException] Controller class JsController could not be found.
Exception Attributes: array (
  'class' => 'JsController',
  'plugin' => NULL,
)
Request URL: /croogo/js/jquery/jquery.min.js
Stack Trace:
#0 /Applications/MAMP/htdocs/croogo/app/webroot/index.php(96): Dispatcher->dispatch(Object(CakeRequest), Object(CakeResponse))
#1 {main}
2013-07-22 12:02:00 Error: [MissingControllerException] Controller class JsController could not be found.
Exception Attributes: array (
  'class' => 'JsController',
  'plugin' => NULL,
)
Request URL: /croogo/js/jquery/jquery.min.js
Stack Trace:
#0 /Applications/MAMP/htdocs/croogo/app/webroot/index.php(96): Dispatcher->dispatch(Object(CakeRequest), Object(CakeResponse))
#1 {main}
2013-07-22 12:03:14 Error: [MissingControllerException] Controller class JsController could not be found.
Exception Attributes: array (
  'class' => 'JsController',
  'plugin' => NULL,
)
Request URL: /croogo/js/jquery/jquery.min.js
Stack Trace:
#0 /Applications/MAMP/htdocs/croogo/app/webroot/index.php(96): Dispatcher->dispatch(Object(CakeRequest), Object(CakeResponse))
#1 {main}
2013-07-22 12:04:13 Error: [MissingControllerException] Controller class JsController could not be found.
Exception Attributes: array (
  'class' => 'JsController',
  'plugin' => NULL,
)
Request URL: /croogo/js/jquery/jquery.min.js
Stack Trace:
#0 /Applications/MAMP/htdocs/croogo/app/webroot/index.php(96): Dispatcher->dispatch(Object(CakeRequest), Object(CakeResponse))
#1 {main}
